This file contains any messages produced by compilers while
running configure, to aid debugging if configure makes a mistake.

It was created by PR configure 0.0.0.1, which was
generated by GNU Autoconf 2.69.  Invocation command line was

  $ ./configure 

## --------- ##
## Platform. ##
## --------- ##

hostname = Z350-Portable
uname -m = x86_64
uname -r = 4.9.0-8-amd64
uname -s = Linux
uname -v = #1 SMP Debian 4.9.144-3 (2019-02-02)

/usr/bin/uname -p = unknown
/bin/uname -X     = unknown

/bin/arch              = unknown
/usr/bin/arch -k       = unknown
/usr/convex/getsysinfo = unknown
/usr/bin/hostinfo      = unknown
/bin/machine           = unknown
/usr/bin/oslevel       = unknown
/bin/universe          = unknown

PATH: /usr/local/sbin
PATH: /usr/local/bin
PATH: /usr/sbin
PATH: /usr/bin
PATH: /sbin
PATH: /bin


## ----------- ##
## Core tests. ##
## ----------- ##

configure:1893: checking for a BSD-compatible install
configure:1961: result: /usr/bin/install -c
configure:1972: checking whether build environment is sane
configure:2027: result: yes
configure:2178: checking for a thread-safe mkdir -p
configure:2217: result: /bin/mkdir -p
configure:2224: checking for gawk
configure:2240: found /usr/bin/gawk
configure:2251: result: gawk
configure:2262: checking whether make sets $(MAKE)
configure:2284: result: yes
configure:2313: checking whether make supports nested variables
configure:2330: result: yes
configure:2509: checking for gcc
configure:2525: found /usr/bin/gcc
configure:2536: result: gcc
configure:2765: checking for C compiler version
configure:2774: gcc --version >&5
gcc (Debian 6.3.0-18+deb9u1) 6.3.0 20170516
Copyright (C) 2016 Free Software Foundation, Inc.
This is free software; see the source for copying conditions.  There is NO
warranty; not even for MERCHANTABILITY or FITNESS FOR A PARTICULAR PURPOSE.

configure:2785: $? = 0
configure:2774: gcc -v >&5
Using built-in specs.
COLLECT_GCC=gcc
COLLECT_LTO_WRAPPER=/usr/lib/gcc/x86_64-linux-gnu/6/lto-wrapper
Target: x86_64-linux-gnu
Configured with: ../src/configure -v --with-pkgversion='Debian 6.3.0-18+deb9u1' --with-bugurl=file:///usr/share/doc/gcc-6/README.Bugs --enable-languages=c,ada,c++,java,go,d,fortran,objc,obj-c++ --prefix=/usr --program-suffix=-6 --program-prefix=x86_64-linux-gnu- --enable-shared --enable-linker-build-id --libexecdir=/usr/lib --without-included-gettext --enable-threads=posix --libdir=/usr/lib --enable-nls --with-sysroot=/ --enable-clocale=gnu --enable-libstdcxx-debug --enable-libstdcxx-time=yes --with-default-libstdcxx-abi=new --enable-gnu-unique-object --disable-vtable-verify --enable-libmpx --enable-plugin --enable-default-pie --with-system-zlib --disable-browser-plugin --enable-java-awt=gtk --enable-gtk-cairo --with-java-home=/usr/lib/jvm/java-1.5.0-gcj-6-amd64/jre --enable-java-home --with-jvm-root-dir=/usr/lib/jvm/java-1.5.0-gcj-6-amd64 --with-jvm-jar-dir=/usr/lib/jvm-exports/java-1.5.0-gcj-6-amd64 --with-arch-directory=amd64 --with-ecj-jar=/usr/share/java/eclipse-ecj.jar --with-target-system-zlib --enable-objc-gc=auto --enable-multiarch --with-arch-32=i686 --with-abi=m64 --with-multilib-list=m32,m64,mx32 --enable-multilib --with-tune=generic --enable-checking=release --build=x86_64-linux-gnu --host=x86_64-linux-gnu --target=x86_64-linux-gnu
Thread model: posix
gcc version 6.3.0 20170516 (Debian 6.3.0-18+deb9u1) 
configure:2785: $? = 0
configure:2774: gcc -V >&5
gcc: error: unrecognized command line option '-V'
gcc: fatal error: no input files
compilation terminated.
configure:2785: $? = 1
configure:2774: gcc -qversion >&5
gcc: error: unrecognized command line option '-qversion'; did you mean '--version'?
gcc: fatal error: no input files
compilation terminated.
configure:2785: $? = 1
configure:2805: checking whether the C compiler works
configure:2827: gcc    conftest.c  >&5
configure:2831: $? = 0
configure:2879: result: yes
configure:2882: checking for C compiler default output file name
configure:2884: result: a.out
configure:2890: checking for suffix of executables
configure:2897: gcc -o conftest    conftest.c  >&5
configure:2901: $? = 0
configure:2923: result: 
configure:2945: checking whether we are cross compiling
configure:2953: gcc -o conftest    conftest.c  >&5
configure:2957: $? = 0
configure:2964: ./conftest
configure:2968: $? = 0
configure:2983: result: no
configure:2988: checking for suffix of object files
configure:3010: gcc -c   conftest.c >&5
configure:3014: $? = 0
configure:3035: result: o
configure:3039: checking whether we are using the GNU C compiler
configure:3058: gcc -c   conftest.c >&5
configure:3058: $? = 0
configure:3067: result: yes
configure:3076: checking whether gcc accepts -g
configure:3096: gcc -c -g  conftest.c >&5
configure:3096: $? = 0
configure:3137: result: yes
configure:3154: checking for gcc option to accept ISO C89
configure:3217: gcc  -c -g -O2  conftest.c >&5
configure:3217: $? = 0
configure:3230: result: none needed
configure:3255: checking whether gcc understands -c and -o together
configure:3277: gcc -c conftest.c -o conftest2.o
configure:3280: $? = 0
configure:3277: gcc -c conftest.c -o conftest2.o
configure:3280: $? = 0
configure:3292: result: yes
configure:3320: checking for style of include used by make
configure:3348: result: GNU
configure:3374: checking dependency style of gcc
configure:3485: result: gcc3
configure:3558: checking for g++
configure:3574: found /usr/bin/g++
configure:3585: result: g++
configure:3612: checking for C++ compiler version
configure:3621: g++ --version >&5
g++ (Debian 6.3.0-18+deb9u1) 6.3.0 20170516
Copyright (C) 2016 Free Software Foundation, Inc.
This is free software; see the source for copying conditions.  There is NO
warranty; not even for MERCHANTABILITY or FITNESS FOR A PARTICULAR PURPOSE.

configure:3632: $? = 0
configure:3621: g++ -v >&5
Using built-in specs.
COLLECT_GCC=g++
COLLECT_LTO_WRAPPER=/usr/lib/gcc/x86_64-linux-gnu/6/lto-wrapper
Target: x86_64-linux-gnu
Configured with: ../src/configure -v --with-pkgversion='Debian 6.3.0-18+deb9u1' --with-bugurl=file:///usr/share/doc/gcc-6/README.Bugs --enable-languages=c,ada,c++,java,go,d,fortran,objc,obj-c++ --prefix=/usr --program-suffix=-6 --program-prefix=x86_64-linux-gnu- --enable-shared --enable-linker-build-id --libexecdir=/usr/lib --without-included-gettext --enable-threads=posix --libdir=/usr/lib --enable-nls --with-sysroot=/ --enable-clocale=gnu --enable-libstdcxx-debug --enable-libstdcxx-time=yes --with-default-libstdcxx-abi=new --enable-gnu-unique-object --disable-vtable-verify --enable-libmpx --enable-plugin --enable-default-pie --with-system-zlib --disable-browser-plugin --enable-java-awt=gtk --enable-gtk-cairo --with-java-home=/usr/lib/jvm/java-1.5.0-gcj-6-amd64/jre --enable-java-home --with-jvm-root-dir=/usr/lib/jvm/java-1.5.0-gcj-6-amd64 --with-jvm-jar-dir=/usr/lib/jvm-exports/java-1.5.0-gcj-6-amd64 --with-arch-directory=amd64 --with-ecj-jar=/usr/share/java/eclipse-ecj.jar --with-target-system-zlib --enable-objc-gc=auto --enable-multiarch --with-arch-32=i686 --with-abi=m64 --with-multilib-list=m32,m64,mx32 --enable-multilib --with-tune=generic --enable-checking=release --build=x86_64-linux-gnu --host=x86_64-linux-gnu --target=x86_64-linux-gnu
Thread model: posix
gcc version 6.3.0 20170516 (Debian 6.3.0-18+deb9u1) 
configure:3632: $? = 0
configure:3621: g++ -V >&5
g++: error: unrecognized command line option '-V'
g++: fatal error: no input files
compilation terminated.
configure:3632: $? = 1
configure:3621: g++ -qversion >&5
g++: error: unrecognized command line option '-qversion'; did you mean '--version'?
g++: fatal error: no input files
compilation terminated.
configure:3632: $? = 1
configure:3636: checking whether we are using the GNU C++ compiler
configure:3655: g++ -c -std=c++1y   conftest.cpp >&5
configure:3655: $? = 0
configure:3664: result: yes
configure:3673: checking whether g++ accepts -g
configure:3693: g++ -c -g  conftest.cpp >&5
configure:3693: $? = 0
configure:3734: result: yes
configure:3759: checking dependency style of g++
configure:3870: result: gcc3
configure:4040: checking that generated files are newer than configure
configure:4046: result: done
configure:4073: creating ./config.status

## ---------------------- ##
## Running config.status. ##
## ---------------------- ##

This file was extended by PR config.status 0.0.0.1, which was
generated by GNU Autoconf 2.69.  Invocation command line was

  CONFIG_FILES    = 
  CONFIG_HEADERS  = 
  CONFIG_LINKS    = 
  CONFIG_COMMANDS = 
  $ ./config.status 

on Z350-Portable

config.status:780: creating Makefile
config.status:780: creating src/Makefile
config.status:952: executing depfiles commands

## ---------------- ##
## Cache variables. ##
## ---------------- ##

ac_cv_c_compiler_gnu=yes
ac_cv_cxx_compiler_gnu=yes
ac_cv_env_CCC_set=
ac_cv_env_CCC_value=
ac_cv_env_CC_set=
ac_cv_env_CC_value=
ac_cv_env_CFLAGS_set=
ac_cv_env_CFLAGS_value=
ac_cv_env_CPPFLAGS_set=
ac_cv_env_CPPFLAGS_value=
ac_cv_env_CXXFLAGS_set=
ac_cv_env_CXXFLAGS_value=
ac_cv_env_CXX_set=
ac_cv_env_CXX_value=
ac_cv_env_LDFLAGS_set=
ac_cv_env_LDFLAGS_value=
ac_cv_env_LIBS_set=
ac_cv_env_LIBS_value=
ac_cv_env_build_alias_set=
ac_cv_env_build_alias_value=
ac_cv_env_host_alias_set=
ac_cv_env_host_alias_value=
ac_cv_env_target_alias_set=
ac_cv_env_target_alias_value=
ac_cv_objext=o
ac_cv_path_install='/usr/bin/install -c'
ac_cv_path_mkdir=/bin/mkdir
ac_cv_prog_AWK=gawk
ac_cv_prog_ac_ct_CC=gcc
ac_cv_prog_ac_ct_CXX=g++
ac_cv_prog_cc_c89=
ac_cv_prog_cc_g=yes
ac_cv_prog_cxx_g=yes
ac_cv_prog_make_make_set=yes
am_cv_CC_dependencies_compiler_type=gcc3
am_cv_CXX_dependencies_compiler_type=gcc3
am_cv_make_support_nested_variables=yes
am_cv_prog_cc_c_o=yes

## ----------------- ##
## Output variables. ##
## ----------------- ##

ACLOCAL='${SHELL} /home/zero/Documents/master/PC2R/projet/v1/client/cpp_client/missing aclocal-1.15'
AMDEPBACKSLASH='\'
AMDEP_FALSE='#'
AMDEP_TRUE=''
AMTAR='$${TAR-tar}'
AM_BACKSLASH='\'
AM_DEFAULT_V='$(AM_DEFAULT_VERBOSITY)'
AM_DEFAULT_VERBOSITY='1'
AM_V='$(V)'
AUTOCONF='${SHELL} /home/zero/Documents/master/PC2R/projet/v1/client/cpp_client/missing autoconf'
AUTOHEADER='${SHELL} /home/zero/Documents/master/PC2R/projet/v1/client/cpp_client/missing autoheader'
AUTOMAKE='${SHELL} /home/zero/Documents/master/PC2R/projet/v1/client/cpp_client/missing automake-1.15'
AWK='gawk'
CC='gcc'
CCDEPMODE='depmode=gcc3'
CFLAGS='-g -O2'
CPPFLAGS=''
CXX='g++'
CXXDEPMODE='depmode=gcc3'
CXXFLAGS='-std=c++1y '
CYGPATH_W='echo'
DEFS='-DPACKAGE_NAME=\"PR\" -DPACKAGE_TARNAME=\"pr\" -DPACKAGE_VERSION=\"0.0.0.1\" -DPACKAGE_STRING=\"PR\ 0.0.0.1\" -DPACKAGE_BUGREPORT=\"bugs@bugs.org\" -DPACKAGE_URL=\"\" -DPACKAGE=\"pr\" -DVERSION=\"0.0.0.1\"'
DEPDIR='.deps'
ECHO_C=''
ECHO_N='-n'
ECHO_T=''
EXEEXT=''
INSTALL_DATA='${INSTALL} -m 644'
INSTALL_PROGRAM='${INSTALL}'
INSTALL_SCRIPT='${INSTALL}'
INSTALL_STRIP_PROGRAM='$(install_sh) -c -s'
LDFLAGS=''
LIBOBJS=''
LIBS=''
LTLIBOBJS=''
MAKEINFO='${SHELL} /home/zero/Documents/master/PC2R/projet/v1/client/cpp_client/missing makeinfo'
MKDIR_P='/bin/mkdir -p'
OBJEXT='o'
PACKAGE='pr'
PACKAGE_BUGREPORT='bugs@bugs.org'
PACKAGE_NAME='PR'
PACKAGE_STRING='PR 0.0.0.1'
PACKAGE_TARNAME='pr'
PACKAGE_URL=''
PACKAGE_VERSION='0.0.0.1'
PATH_SEPARATOR=':'
SET_MAKE=''
SHELL='/bin/bash'
STRIP=''
VERSION='0.0.0.1'
ac_ct_CC='gcc'
ac_ct_CXX='g++'
am__EXEEXT_FALSE=''
am__EXEEXT_TRUE='#'
am__fastdepCC_FALSE='#'
am__fastdepCC_TRUE=''
am__fastdepCXX_FALSE='#'
am__fastdepCXX_TRUE=''
am__include='include'
am__isrc=''
am__leading_dot='.'
am__nodep='_no'
am__quote=''
am__tar='$${TAR-tar} chof - "$$tardir"'
am__untar='$${TAR-tar} xf -'
bindir='${exec_prefix}/bin'
build_alias=''
datadir='${datarootdir}'
datarootdir='${prefix}/share'
docdir='${datarootdir}/doc/${PACKAGE_TARNAME}'
dvidir='${docdir}'
exec_prefix='${prefix}'
host_alias=''
htmldir='${docdir}'
includedir='${prefix}/include'
infodir='${datarootdir}/info'
install_sh='${SHELL} /home/zero/Documents/master/PC2R/projet/v1/client/cpp_client/install-sh'
libdir='${exec_prefix}/lib'
libexecdir='${exec_prefix}/libexec'
localedir='${datarootdir}/locale'
localstatedir='${prefix}/var'
mandir='${datarootdir}/man'
mkdir_p='$(MKDIR_P)'
oldincludedir='/usr/include'
pdfdir='${docdir}'
prefix='/usr/local'
program_transform_name='s,x,x,'
psdir='${docdir}'
runstatedir='${localstatedir}/run'
sbindir='${exec_prefix}/sbin'
sharedstatedir='${prefix}/com'
sysconfdir='${prefix}/etc'
target_alias=''

## ----------- ##
## confdefs.h. ##
## ----------- ##

/* confdefs.h */
#define PACKAGE_NAME "PR"
#define PACKAGE_TARNAME "pr"
#define PACKAGE_VERSION "0.0.0.1"
#define PACKAGE_STRING "PR 0.0.0.1"
#define PACKAGE_BUGREPORT "bugs@bugs.org"
#define PACKAGE_URL ""
#define PACKAGE "pr"
#define VERSION "0.0.0.1"

configure: exit 0
